生成启动时间为 5/19/2013 4:00:48 PM。
     1>项目“C:\Users\terry\Desktop\毕业设计\备份\myuct\myuct.vcxproj”在节点 2 上(Build 个目标)。
     1>ClCompile:
         C:\visual studio\VC\bin\CL.exe /c /ZI /nologo /W3 /WX- /Od /Oy- /D WIN32 /D _DEBUG /D _CONSOLE /D _UNICODE /D UNICODE /Gm /EHsc /RTC1 /MDd /GS /fp:precise /Zc:wchar_t /Zc:forScope /Fo"Debug\\" /Fd"Debug\vc110.pdb" /Gd /TP /analyze- /errorReport:prompt main.cpp
         main.cpp
     1>c:\users\terry\desktop\毕业设计\备份\myuct\go_conf.h(34): warning C4305: “初始化”: 从“double”到“const float”截断
     1>c:\users\terry\desktop\毕业设计\备份\myuct\go_conf.h(36): warning C4305: “初始化”: 从“double”到“const float”截断
     1>c:\users\terry\desktop\毕业设计\备份\myuct\utils.h(32): warning C4305: “初始化”: 从“double”到“const float”截断
     1>c:\users\terry\desktop\毕业设计\备份\myuct\basic_go_types.h(65): warning C4800: “const int”: 将值强制为布尔值“true”或“false”(性能警告)
     1>c:\users\terry\desktop\毕业设计\备份\myuct\basic_go_types.h(70): warning C4800: “const int”: 将值强制为布尔值“true”或“false”(性能警告)
     1>c:\users\terry\desktop\毕业设计\备份\myuct\zobrist.h(9): warning C4244: “return”: 从“const uint64”转换到“uint”，可能丢失数据
     1>c:\users\terry\desktop\毕业设计\备份\myuct\main.cpp(559): warning C4244: “=”: 从“int”转换到“float”，可能丢失数据
     1>c:\users\terry\desktop\毕业设计\备份\myuct\main.cpp(330): warning C4700: 使用了未初始化的局部变量“e”
       Link:
         C:\visual studio\VC\bin\link.exe /ERRORREPORT:PROMPT /OUT:"C:\Users\terry\Desktop\毕业设计\备份\myuct\Debug\myuct.exe" /INCREMENTAL /NOLOGO kernel32.lib user32.lib gdi32.lib winspool.lib comdlg32.lib advapi32.lib shell32.lib ole32.lib oleaut32.lib uuid.lib odbc32.lib odbccp32.lib /MANIFEST /MANIFESTUAC:"level='asInvoker' uiAccess='false'" /manifest:embed /DEBUG /PDB:"C:\Users\terry\Desktop\毕业设计\备份\myuct\Debug\myuct.pdb" /SUBSYSTEM:CONSOLE /TLBID:1 /DYNAMICBASE /NXCOMPAT /IMPLIB:"C:\Users\terry\Desktop\毕业设计\备份\myuct\Debug\myuct.lib" /MACHINE:X86 Debug\defines.obj
         Debug\main.obj
         myuct.vcxproj -> C:\Users\terry\Desktop\毕业设计\备份\myuct\Debug\myuct.exe
     1>已完成生成项目“C:\Users\terry\Desktop\毕业设计\备份\myuct\myuct.vcxproj”(Build 个目标)的操作。

生成成功。

已用时间 00:00:02.64
